# JRE version: OpenJDK Runtime Environment (8.0_202-b03) (build 1.8.0_202-release-1483-b03)
# Java VM: OpenJDK 64-Bit Server VM (25.202-b03 mixed mode windows-amd64 compressed oops)
Heap:
 PSYoungGen      total 493056K, used 241111K [0x00000000e0000000, 0x0000000100000000, 0x0000000100000000)
  eden space 461824K, 48% used [0x00000000e0000000,0x00000000ed901598,0x00000000fc300000)
  from space 31232K, 60% used [0x00000000fe180000,0x00000000ff3f48b8,0x0000000100000000)
  to   space 31232K, 0% used [0x00000000fc300000,0x00000000fc300000,0x00000000fe180000)
 ParOldGen       total 165376K, used 95569K [0x00000000a0000000, 0x00000000aa180000, 0x00000000e0000000)
  object space 165376K, 57% used [0x00000000a0000000,0x00000000a5d54768,0x00000000aa180000)
 Metaspace       used 106252K, capacity 109932K, committed 111144K, reserved 1146880K
  class space    used 13296K, capacity 14002K, committed 14376K, reserved 1048576K
GC Heap History (10 events):
Event: 4789.685 GC heap before
{Heap before GC invocations=20 (full 3):
 PSYoungGen      total 370176K, used 370077K [0x00000000e0000000, 0x00000000f8d80000, 0x0000000100000000)
  eden space 358912K, 100% used [0x00000000e0000000,0x00000000f5e80000,0x00000000f5e80000)
  from space 11264K, 99% used [0x00000000f8280000,0x00000000f8d67558,0x00000000f8d80000)
  to   space 24064K, 0% used [0x00000000f5e80000,0x00000000f5e80000,0x00000000f7600000)
 ParOldGen       total 107008K, used 68504K [0x00000000a0000000, 0x00000000a6880000, 0x00000000e0000000)
  object space 107008K, 64% used [0x00000000a0000000,0x00000000a42e60c0,0x00000000a6880000)
 Metaspace       used 88726K, capacity 92542K, committed 92840K, reserved 1130496K
  class space    used 11335K, capacity 12126K, committed 12200K, reserved 1048576K
Event: 4789.799 GC heap after
Heap after GC invocations=20 (full 3):
 PSYoungGen      total 382976K, used 12838K [0x00000000e0000000, 0x00000000fcf80000, 0x0000000100000000)
  eden space 358912K, 0% used [0x00000000e0000000,0x00000000e0000000,0x00000000f5e80000)
  from space 24064K, 53% used [0x00000000f5e80000,0x00000000f6b09810,0x00000000f7600000)
  to   space 23552K, 0% used [0x00000000fb880000,0x00000000fb880000,0x00000000fcf80000)
 ParOldGen       total 107008K, used 74629K [0x00000000a0000000, 0x00000000a6880000, 0x00000000e0000000)
  object space 107008K, 69% used [0x00000000a0000000,0x00000000a48e1548,0x00000000a6880000)
 Metaspace       used 88726K, capacity 92542K, committed 92840K, reserved 1130496K
  class space    used 11335K, capacity 12126K, committed 12200K, reserved 1048576K
}
Event: 4793.389 GC heap before
{Heap before GC invocations=21 (full 3):
 PSYoungGen      total 382976K, used 212605K [0x00000000e0000000, 0x00000000fcf80000, 0x0000000100000000)
  eden space 358912K, 55% used [0x00000000e0000000,0x00000000ec315da8,0x00000000f5e80000)
  from space 24064K, 53% used [0x00000000f5e80000,0x00000000f6b09810,0x00000000f7600000)
  to   space 23552K, 0% used [0x00000000fb880000,0x00000000fb880000,0x00000000fcf80000)
 ParOldGen       total 107008K, used 74629K [0x00000000a0000000, 0x00000000a6880000, 0x00000000e0000000)
  object space 107008K, 69% used [0x00000000a0000000,0x00000000a48e1548,0x00000000a6880000)
 Metaspace       used 94536K, capacity 98494K, committed 98600K, reserved 1134592K
  class space    used 12239K, capacity 13042K, committed 13096K, reserved 1048576K
Event: 4793.518 GC heap after
Heap after GC invocations=21 (full 3):
 PSYoungGen      total 449536K, used 19389K [0x00000000e0000000, 0x00000000fdc00000, 0x0000000100000000)
  eden space 425984K, 0% used [0x00000000e0000000,0x00000000e0000000,0x00000000fa000000)
  from space 23552K, 82% used [0x00000000fb880000,0x00000000fcb6f7c0,0x00000000fcf80000)
  to   space 25088K, 0% used [0x00000000fa000000,0x00000000fa000000,0x00000000fb880000)
 ParOldGen       total 107008K, used 74637K [0x00000000a0000000, 0x00000000a6880000, 0x00000000e0000000)
  object space 107008K, 69% used [0x00000000a0000000,0x00000000a48e3548,0x00000000a6880000)
 Metaspace       used 94536K, capacity 98494K, committed 98600K, reserved 1134592K
  class space    used 12239K, capacity 13042K, committed 13096K, reserved 1048576K
}
Event: 4793.518 GC heap before
{Heap before GC invocations=22 (full 4):
 PSYoungGen      total 449536K, used 19389K [0x00000000e0000000, 0x00000000fdc00000, 0x0000000100000000)
  eden space 425984K, 0% used [0x00000000e0000000,0x00000000e0000000,0x00000000fa000000)
  from space 23552K, 82% used [0x00000000fb880000,0x00000000fcb6f7c0,0x00000000fcf80000)
  to   space 25088K, 0% used [0x00000000fa000000,0x00000000fa000000,0x00000000fb880000)
 ParOldGen       total 107008K, used 74637K [0x00000000a0000000, 0x00000000a6880000, 0x00000000e0000000)
  object space 107008K, 69% used [0x00000000a0000000,0x00000000a48e3548,0x00000000a6880000)
 Metaspace       used 94536K, capacity 98494K, committed 98600K, reserved 1134592K
  class space    used 12239K, capacity 13042K, committed 13096K, reserved 1048576K
Event: 4794.898 GC heap after
Heap after GC invocations=22 (full 4):
 PSYoungGen      total 449536K, used 0K [0x00000000e0000000, 0x00000000fdc00000, 0x0000000100000000)
  eden space 425984K, 0% used [0x00000000e0000000,0x00000000e0000000,0x00000000fa000000)
  from space 23552K, 0% used [0x00000000fb880000,0x00000000fb880000,0x00000000fcf80000)
  to   space 25088K, 0% used [0x00000000fa000000,0x00000000fa000000,0x00000000fb880000)
 ParOldGen       total 165376K, used 64947K [0x00000000a0000000, 0x00000000aa180000, 0x00000000e0000000)
  object space 165376K, 39% used [0x00000000a0000000,0x00000000a3f6ce88,0x00000000aa180000)
 Metaspace       used 93245K, capacity 96078K, committed 98600K, reserved 1134592K
  class space    used 11963K, capacity 12551K, committed 13096K, reserved 1048576K
}
Event: 4967.801 GC heap before
{Heap before GC invocations=23 (full 4):
 PSYoungGen      total 449536K, used 425984K [0x00000000e0000000, 0x00000000fdc00000, 0x0000000100000000)
  eden space 425984K, 100% used [0x00000000e0000000,0x00000000fa000000,0x00000000fa000000)
  from space 23552K, 0% used [0x00000000fb880000,0x00000000fb880000,0x00000000fcf80000)
  to   space 25088K, 0% used [0x00000000fa000000,0x00000000fa000000,0x00000000fb880000)
 ParOldGen       total 165376K, used 64947K [0x00000000a0000000, 0x00000000aa180000, 0x00000000e0000000)
  object space 165376K, 39% used [0x00000000a0000000,0x00000000a3f6ce88,0x00000000aa180000)
 Metaspace       used 96387K, capacity 99726K, committed 101544K, reserved 1138688K
  class space    used 12187K, capacity 12843K, committed 13224K, reserved 1048576K
Event: 4967.933 GC heap after
Heap after GC invocations=23 (full 4):
 PSYoungGen      total 451072K, used 25058K [0x00000000e0000000, 0x0000000100000000, 0x0000000100000000)
  eden space 425984K, 0% used [0x00000000e0000000,0x00000000e0000000,0x00000000fa000000)
  from space 25088K, 99% used [0x00000000fa000000,0x00000000fb878888,0x00000000fb880000)
  to   space 31232K, 0% used [0x00000000fe180000,0x00000000fe180000,0x0000000100000000)
 ParOldGen       total 165376K, used 71706K [0x00000000a0000000, 0x00000000aa180000, 0x00000000e0000000)
  object space 165376K, 43% used [0x00000000a0000000,0x00000000a46069e8,0x00000000aa180000)
 Metaspace       used 96387K, capacity 99726K, committed 101544K, reserved 1138688K
  class space    used 12187K, capacity 12843K, committed 13224K, reserved 1048576K
}
Event: 5039.690 GC heap before
{Heap before GC invocations=24 (full 4):
 PSYoungGen      total 451072K, used 451042K [0x00000000e0000000, 0x0000000100000000, 0x0000000100000000)
  eden space 425984K, 100% used [0x00000000e0000000,0x00000000fa000000,0x00000000fa000000)
  from space 25088K, 99% used [0x00000000fa000000,0x00000000fb878888,0x00000000fb880000)
  to   space 31232K, 0% used [0x00000000fe180000,0x00000000fe180000,0x0000000100000000)
 ParOldGen       total 165376K, used 71706K [0x00000000a0000000, 0x00000000aa180000, 0x00000000e0000000)
  object space 165376K, 43% used [0x00000000a0000000,0x00000000a46069e8,0x00000000aa180000)
 Metaspace       used 100082K, capacity 103616K, committed 105128K, reserved 1140736K
  class space    used 12641K, capacity 13330K, committed 13736K, reserved 1048576K
Event: 5039.905 GC heap after
Heap after GC invocations=24 (full 4):
 PSYoungGen      total 493056K, used 18898K [0x00000000e0000000, 0x0000000100000000, 0x0000000100000000)
  eden space 461824K, 0% used [0x00000000e0000000,0x00000000e0000000,0x00000000fc300000)
  from space 31232K, 60% used [0x00000000fe180000,0x00000000ff3f48b8,0x0000000100000000)
  to   space 31232K, 0% used [0x00000000fc300000,0x00000000fc300000,0x00000000fe180000)
 ParOldGen       total 165376K, used 95569K [0x00000000a0000000, 0x00000000aa180000, 0x00000000e0000000)
  object space 165376K, 57% used [0x00000000a0000000,0x00000000a5d54768,0x00000000aa180000)
 Metaspace       used 100082K, capacity 103616K, committed 105128K, reserved 1140736K
  class space    used 12641K, capacity 13330K, committed 13736K, reserved 1048576K
}

